0 silly argv {
0 silly argv   _: [ 'publish' ],
0 silly argv   composed: 'publish',
0 silly argv   lernaVersion: '4.0.0',
0 silly argv   '$0': 'lerna'
0 silly argv }
1 notice cli v4.0.0
2 verbose rootPath /Users/a58/work/code_space/test/booster
3 verbose session d09f211ab25f29e8
4 verbose user-agent lerna/4.0.0/node@v14.17.5+x64 (darwin)
5 silly argv { _: [ 'publish' ], composed: 'publish', lernaVersion: '4.0.0' }
6 verbose rootPath /Users/a58/work/code_space/test/booster
7 info current version 0.0.7
8 silly isAnythingCommitted
9 verbose isAnythingCommitted 1
10 silly getCurrentBranch
11 verbose currentBranch master
12 silly remoteBranchExists
13 silly isBehindUpstream
14 silly isBehindUpstream master is behind origin/master by 0 commit(s) and ahead by 0
15 silly hasTags
16 verbose hasTags true
17 silly git-describe.sync "v0.0.7-1-g56919b4" => {"lastTagName":"v0.0.7","lastVersion":"v0.0.7","refCount":"1","sha":"56919b4","isDirty":false}
18 info Looking for changed packages since v0.0.7
19 silly checking diff packages/cli
20 silly found diff in packages/cli/lib/create.js
21 verbose filtered diff [ 'packages/cli/lib/create.js' ]
22 verbose updated react-booster-cli
23 verbose git-describe undefined => "v0.0.7-1-g56919b4"
24 silly git-describe parsed => {"lastTagName":"v0.0.7","lastVersion":"v0.0.7","refCount":"1","sha":"56919b4","isDirty":false}
25 info execute Skipping releases
26 silly lifecycle No script for "preversion" in "root", continuing
27 silly lifecycle No script for "preversion" in "react-booster-cli", continuing
28 silly lifecycle No script for "version" in "react-booster-cli", continuing
29 silly lifecycle No script for "version" in "root", continuing
30 silly gitAdd [ 'packages/cli/package.json', 'lerna.json' ]
31 silly gitCommit v0.0.8
32 verbose git [ 'commit', '-m', 'v0.0.8' ]
33 silly gitTag v0.0.8
34 verbose git [ 'tag', 'v0.0.8', '-m', 'v0.0.8' ]
35 silly lifecycle No script for "postversion" in "react-booster-cli", continuing
36 silly lifecycle No script for "postversion" in "root", continuing
37 info git Pushing tags...
38 silly gitPush origin master
39 info publish Publishing packages to npm...
40 info Verifying npm credentials
41 verbose Retrieving npm user profile
42 http fetch GET 200 https://registry.npmjs.org/-/npm/v1/user 632ms
43 silly npm profile get received {"tfa":false,"name":"zhengyudong","email":"18813006133@163.com","email_verified":true,"created":"2021-10-23T12:58:52.896Z","updated":"2021-11-18T13:54:41.525Z","cidr_whitelist":null}
44 silly get npm username received {"username":"zhengyudong","tfa":false,"name":"zhengyudong","email":"18813006133@163.com","email_verified":true,"created":"2021-10-23T12:58:52.896Z","updated":"2021-11-18T13:54:41.525Z","cidr_whitelist":null}
45 silly verifyNpmPackageAccess
46 http fetch GET 200 https://registry.npmjs.org/-/org/zhengyudong/package?format=cli 1142ms (cache stale)
47 info Checking two-factor auth mode
48 verbose Retrieving npm user profile
49 http fetch GET 200 https://registry.npmjs.org/-/npm/v1/user 360ms
50 silly npm profile get received {"tfa":false,"name":"zhengyudong","email":"18813006133@163.com","email_verified":true,"created":"2021-10-23T12:58:52.896Z","updated":"2021-11-18T13:54:41.525Z","cidr_whitelist":null}
51 silly 2FA false
52 warn ENOLICENSE Package react-booster-cli is missing a license.
52 warn ENOLICENSE One way to fix this is to add a LICENSE.md file to the root of this repository.
52 warn ENOLICENSE See https://choosealicense.com for additional guidance.
53 silly getCurrentSHA
54 verbose getCurrentSHA 6453395a29db1b8745f7f0817cffd04b292b4e1b
55 silly lifecycle No script for "prepublish" in "root", continuing
56 silly lifecycle No script for "prepare" in "root", continuing
57 silly lifecycle No script for "prepublishOnly" in "root", continuing
58 silly lifecycle No script for "prepack" in "root", continuing
59 verbose pack-directory packages/cli
60 silly lifecycle No script for "prepublish" in "react-booster-cli", continuing
61 silly lifecycle No script for "prepare" in "react-booster-cli", continuing
62 silly lifecycle No script for "prepublishOnly" in "react-booster-cli", continuing
63 silly lifecycle No script for "prepack" in "react-booster-cli", continuing
64 silly lifecycle No script for "postpack" in "react-booster-cli", continuing
65 verbose packed packages/cli
66 silly lifecycle No script for "postpack" in "root", continuing
67 verbose publish react-booster-cli
68 silly FetchError: request to https://registry.npmjs.org/react-booster-cli failed, reason: Client network socket disconnected before secure TLS connection was established
68 silly     at ClientRequest.<anonymous> (/Users/a58/work/code_space/test/booster/node_modules/minipass-fetch/lib/index.js:110:14)
68 silly     at ClientRequest.emit (events.js:400:28)
68 silly     at TLSSocket.socketErrorListener (_http_client.js:475:9)
68 silly     at TLSSocket.emit (events.js:412:35)
68 silly     at emitErrorNT (internal/streams/destroy.js:106:8)
68 silly     at emitErrorCloseNT (internal/streams/destroy.js:74:3)
68 silly     at processTicksAndRejections (internal/process/task_queues.js:82:21)
68 silly  FetchError: request to https://registry.npmjs.org/react-booster-cli failed, reason: Client network socket disconnected before secure TLS connection was established
68 silly     at ClientRequest.<anonymous> (/Users/a58/work/code_space/test/booster/node_modules/minipass-fetch/lib/index.js:110:14)
68 silly     at ClientRequest.emit (events.js:400:28)
68 silly     at TLSSocket.socketErrorListener (_http_client.js:475:9)
68 silly     at TLSSocket.emit (events.js:412:35)
68 silly     at emitErrorNT (internal/streams/destroy.js:106:8)
68 silly     at emitErrorCloseNT (internal/streams/destroy.js:74:3)
68 silly     at processTicksAndRejections (internal/process/task_queues.js:82:21) {
68 silly   code: 'ECONNRESET',
68 silly   path: null,
68 silly   host: 'registry.npmjs.org',
68 silly   port: 443,
68 silly   localAddress: undefined,
68 silly   errno: 'ECONNRESET',
68 silly   type: 'system'
68 silly }
69 error ECONNRESET request to https://registry.npmjs.org/react-booster-cli failed, reason: Client network socket disconnected before secure TLS connection was established
70 error FetchError: request to https://registry.npmjs.org/react-booster-cli failed, reason: Client network socket disconnected before secure TLS connection was established
70 error     at ClientRequest.<anonymous> (/Users/a58/work/code_space/test/booster/node_modules/minipass-fetch/lib/index.js:110:14)
70 error     at ClientRequest.emit (events.js:400:28)
70 error     at TLSSocket.socketErrorListener (_http_client.js:475:9)
70 error     at TLSSocket.emit (events.js:412:35)
70 error     at emitErrorNT (internal/streams/destroy.js:106:8)
70 error     at emitErrorCloseNT (internal/streams/destroy.js:74:3)
